<?xml version="1.0" encoding="UTF-8"?>
<!-- Generated by org.testng.reporters.JUnitXMLReporter -->
<testsuite ignored="0" hostname="DESKTOP-Q87FFFO" failures="1" tests="1" name="Default test" time="1.95" errors="0" timestamp="2022-06-27T13:29:17 EET">
  <testcase classname="io.cucumber.testng.AbstractTestNGCucumberTests" name="runScenario" time="1.109">
    <failure type="io.cucumber.java.PendingException" message="TODO: implement me">
      <![CDATA[io.cucumber.java.PendingException: TODO: implement me
at steps.UserRegistartion.the_user_in_the_home_page(UserRegistartion.java:22)
at âœ½.the user in the home page(file:///D:/taf/src/test/java/features/UserRegistration.feature:5)
]]>
    </failure>
  </testcase> <!-- runScenario -->
</testsuite> <!-- Default test -->
